{"C:\\Users\\LILOKE\\Desktop\\PC_save_1\\3eme_AL\\ANGULAR\\Typescript_project\\src\\models\\battle.ts": {"path":"C:\\Users\\LILOKE\\Desktop\\PC_save_1\\3eme_AL\\ANGULAR\\Typescript_project\\src\\models\\battle.ts","statementMap":{"0":{"start":{"line":10,"column":8},"end":{"line":10,"column":33}},"1":{"start":{"line":11,"column":8},"end":{"line":11,"column":33}},"2":{"start":{"line":12,"column":8},"end":{"line":12,"column":26}},"3":{"start":{"line":16,"column":8},"end":{"line":21,"column":9}},"4":{"start":{"line":17,"column":12},"end":{"line":17,"column":83}},"5":{"start":{"line":19,"column":13},"end":{"line":21,"column":9}},"6":{"start":{"line":20,"column":12},"end":{"line":20,"column":33}},"7":{"start":{"line":22,"column":8},"end":{"line":22,"column":29}},"8":{"start":{"line":26,"column":12},"end":{"line":26,"column":56}},"9":{"start":{"line":27,"column":12},"end":{"line":29,"column":13}},"10":{"start":{"line":28,"column":16},"end":{"line":28,"column":65}},"11":{"start":{"line":30,"column":12},"end":{"line":30,"column":56}},"12":{"start":{"line":31,"column":12},"end":{"line":33,"column":13}},"13":{"start":{"line":32,"column":16},"end":{"line":32,"column":64}},"14":{"start":{"line":37,"column":8},"end":{"line":50,"column":11}},"15":{"start":{"line":38,"column":26},"end":{"line":49,"column":19}},"16":{"start":{"line":39,"column":16},"end":{"line":48,"column":17}},"17":{"start":{"line":40,"column":20},"end":{"line":42,"column":21}},"18":{"start":{"line":41,"column":24},"end":{"line":41,"column":54}},"19":{"start":{"line":43,"column":20},"end":{"line":43,"column":50}},"20":{"start":{"line":44,"column":20},"end":{"line":44,"column":41}},"21":{"start":{"line":46,"column":20},"end":{"line":46,"column":60}},"22":{"start":{"line":47,"column":20},"end":{"line":47,"column":39}}},"fnMap":{"0":{"name":"(anonymous_0)","decl":{"start":{"line":9,"column":4},"end":{"line":9,"column":5}},"loc":{"start":{"line":9,"column":56},"end":{"line":13,"column":5}},"line":9},"1":{"name":"(anonymous_1)","decl":{"start":{"line":15,"column":4},"end":{"line":15,"column":5}},"loc":{"start":{"line":15,"column":30},"end":{"line":23,"column":5}},"line":15},"2":{"name":"(anonymous_2)","decl":{"start":{"line":25,"column":4},"end":{"line":25,"column":5}},"loc":{"start":{"line":25,"column":65},"end":{"line":34,"column":5}},"line":25},"3":{"name":"(anonymous_3)","decl":{"start":{"line":36,"column":4},"end":{"line":36,"column":5}},"loc":{"start":{"line":36,"column":36},"end":{"line":51,"column":5}},"line":36},"4":{"name":"(anonymous_4)","decl":{"start":{"line":37,"column":33},"end":{"line":37,"column":34}},"loc":{"start":{"line":37,"column":44},"end":{"line":50,"column":9}},"line":37},"5":{"name":"(anonymous_5)","decl":{"start":{"line":38,"column":38},"end":{"line":38,"column":39}},"loc":{"start":{"line":38,"column":44},"end":{"line":49,"column":13}},"line":38}},"branchMap":{"0":{"loc":{"start":{"line":16,"column":8},"end":{"line":21,"column":9}},"type":"if","locations":[{"start":{"line":16,"column":8},"end":{"line":21,"column":9}},{"start":{"line":16,"column":8},"end":{"line":21,"column":9}}],"line":16},"1":{"loc":{"start":{"line":17,"column":20},"end":{"line":17,"column":81}},"type":"cond-expr","locations":[{"start":{"line":17,"column":54},"end":{"line":17,"column":67}},{"start":{"line":17,"column":68},"end":{"line":17,"column":81}}],"line":17},"2":{"loc":{"start":{"line":19,"column":13},"end":{"line":21,"column":9}},"type":"if","locations":[{"start":{"line":19,"column":13},"end":{"line":21,"column":9}},{"start":{"line":19,"column":13},"end":{"line":21,"column":9}}],"line":19},"3":{"loc":{"start":{"line":27,"column":12},"end":{"line":29,"column":13}},"type":"if","locations":[{"start":{"line":27,"column":12},"end":{"line":29,"column":13}},{"start":{"line":27,"column":12},"end":{"line":29,"column":13}}],"line":27},"4":{"loc":{"start":{"line":31,"column":12},"end":{"line":33,"column":13}},"type":"if","locations":[{"start":{"line":31,"column":12},"end":{"line":33,"column":13}},{"start":{"line":31,"column":12},"end":{"line":33,"column":13}}],"line":31},"5":{"loc":{"start":{"line":39,"column":16},"end":{"line":48,"column":17}},"type":"if","locations":[{"start":{"line":39,"column":16},"end":{"line":48,"column":17}},{"start":{"line":39,"column":16},"end":{"line":48,"column":17}}],"line":39},"6":{"loc":{"start":{"line":39,"column":20},"end":{"line":39,"column":66}},"type":"binary-expr","locations":[{"start":{"line":39,"column":20},"end":{"line":39,"column":41}},{"start":{"line":39,"column":45},"end":{"line":39,"column":66}}],"line":39},"7":{"loc":{"start":{"line":40,"column":20},"end":{"line":42,"column":21}},"type":"if","locations":[{"start":{"line":40,"column":20},"end":{"line":42,"column":21}},{"start":{"line":40,"column":20},"end":{"line":42,"column":21}}],"line":40}},"s":{"0":7,"1":7,"2":7,"3":5,"4":3,"5":2,"6":1,"7":1,"8":1,"9":1,"10":1,"11":1,"12":1,"13":0,"14":1,"15":1,"16":0,"17":0,"18":0,"19":0,"20":0,"21":0,"22":0},"f":{"0":7,"1":5,"2":1,"3":1,"4":1,"5":0},"b":{"0":[3,2],"1":[2,1],"2":[1,1],"3":[1,0],"4":[0,1],"5":[0,0],"6":[0,0],"7":[0,0]},"_coverageSchema":"1a1c01bbd47fc00a2c39e90264f33305004495a9","hash":"9e135b6e76225d7aabdd888eb107fd1225d1b5fa"}
,"C:\\Users\\LILOKE\\Desktop\\PC_save_1\\3eme_AL\\ANGULAR\\Typescript_project\\src\\models\\pokemon.ts": {"path":"C:\\Users\\LILOKE\\Desktop\\PC_save_1\\3eme_AL\\ANGULAR\\Typescript_project\\src\\models\\pokemon.ts","statementMap":{"0":{"start":{"line":9,"column":8},"end":{"line":9,"column":25}},"1":{"start":{"line":10,"column":8},"end":{"line":10,"column":25}},"2":{"start":{"line":11,"column":8},"end":{"line":11,"column":21}},"3":{"start":{"line":12,"column":8},"end":{"line":12,"column":27}},"4":{"start":{"line":13,"column":8},"end":{"line":13,"column":29}},"5":{"start":{"line":17,"column":8},"end":{"line":21,"column":9}},"6":{"start":{"line":18,"column":12},"end":{"line":18,"column":40}},"7":{"start":{"line":20,"column":12},"end":{"line":20,"column":21}},"8":{"start":{"line":22,"column":8},"end":{"line":22,"column":62}},"9":{"start":{"line":23,"column":8},"end":{"line":23,"column":63}},"10":{"start":{"line":24,"column":8},"end":{"line":24,"column":15}},"11":{"start":{"line":28,"column":8},"end":{"line":30,"column":9}},"12":{"start":{"line":29,"column":12},"end":{"line":29,"column":24}},"13":{"start":{"line":31,"column":8},"end":{"line":31,"column":21}}},"fnMap":{"0":{"name":"(anonymous_0)","decl":{"start":{"line":8,"column":4},"end":{"line":8,"column":5}},"loc":{"start":{"line":8,"column":87},"end":{"line":14,"column":5}},"line":8},"1":{"name":"(anonymous_1)","decl":{"start":{"line":16,"column":4},"end":{"line":16,"column":5}},"loc":{"start":{"line":16,"column":37},"end":{"line":25,"column":5}},"line":16},"2":{"name":"(anonymous_2)","decl":{"start":{"line":27,"column":4},"end":{"line":27,"column":5}},"loc":{"start":{"line":27,"column":22},"end":{"line":32,"column":5}},"line":27}},"branchMap":{"0":{"loc":{"start":{"line":17,"column":8},"end":{"line":21,"column":9}},"type":"if","locations":[{"start":{"line":17,"column":8},"end":{"line":21,"column":9}},{"start":{"line":17,"column":8},"end":{"line":21,"column":9}}],"line":17},"1":{"loc":{"start":{"line":28,"column":8},"end":{"line":30,"column":9}},"type":"if","locations":[{"start":{"line":28,"column":8},"end":{"line":30,"column":9}},{"start":{"line":28,"column":8},"end":{"line":30,"column":9}}],"line":28}},"s":{"0":16,"1":16,"2":16,"3":16,"4":16,"5":4,"6":3,"7":1,"8":4,"9":4,"10":4,"11":4,"12":2,"13":2},"f":{"0":16,"1":4,"2":4},"b":{"0":[3,1],"1":[2,2]},"_coverageSchema":"1a1c01bbd47fc00a2c39e90264f33305004495a9","hash":"af30c2706b139d33bfce46ea35779fdacccb1b3d"}
}
