TN:
SF:src\models\battle.ts
FN:9,(anonymous_0)
FN:15,(anonymous_1)
FN:25,(anonymous_2)
FN:36,(anonymous_3)
FN:37,(anonymous_4)
FN:38,(anonymous_5)
FNF:6
FNH:5
FNDA:7,(anonymous_0)
FNDA:5,(anonymous_1)
FNDA:1,(anonymous_2)
FNDA:1,(anonymous_3)
FNDA:1,(anonymous_4)
FNDA:0,(anonymous_5)
DA:10,7
DA:11,7
DA:12,7
DA:16,5
DA:17,3
DA:19,2
DA:20,1
DA:22,1
DA:26,1
DA:27,1
DA:28,1
DA:30,1
DA:31,1
DA:32,0
DA:37,1
DA:38,1
DA:39,0
DA:40,0
DA:41,0
DA:43,0
DA:44,0
DA:46,0
DA:47,0
LF:23
LH:15
BRDA:16,0,0,3
BRDA:16,0,1,2
BRDA:17,1,0,2
BRDA:17,1,1,1
BRDA:19,2,0,1
BRDA:19,2,1,1
BRDA:27,3,0,1
BRDA:27,3,1,0
BRDA:31,4,0,0
BRDA:31,4,1,1
BRDA:39,5,0,0
BRDA:39,5,1,0
BRDA:39,6,0,0
BRDA:39,6,1,0
BRDA:40,7,0,0
BRDA:40,7,1,0
BRF:16
BRH:8
end_of_record
TN:
SF:src\models\pokemon.ts
FN:8,(anonymous_0)
FN:16,(anonymous_1)
FN:27,(anonymous_2)
FNF:3
FNH:3
FNDA:16,(anonymous_0)
FNDA:4,(anonymous_1)
FNDA:4,(anonymous_2)
DA:9,16
DA:10,16
DA:11,16
DA:12,16
DA:13,16
DA:17,4
DA:18,3
DA:20,1
DA:22,4
DA:23,4
DA:24,4
DA:28,4
DA:29,2
DA:31,2
LF:14
LH:14
BRDA:17,0,0,3
BRDA:17,0,1,1
BRDA:28,1,0,2
BRDA:28,1,1,2
BRF:4
BRH:4
end_of_record
